2020-03-20 12:24:40[WARN] user: kalp
GET /admin/employee_allowances.js?selected_category_ids=multiselect-all,1,2,3,4,5,6,7,8,9,10,11,12,13&selected_employee_allowance_type=multiselect-all,OverTime,Transpotation,Contingency&selected_station_ids=multiselect-all,1,2,4,7,8,9,13,14,15,17,18,19,20,21,22,23,24,27,31,33,35,36,37,39,40,42,43,44,46,48,49,50,52,53,55,57,58,60,63,65,66,67,68,69,76,83,84,88,92,97,108,111,112,114,115,116,117,118,120,124,125,127,131,133,134,137,140,144,150,151,152,153,155,157,158,162,164,165,167,168,170,174,177,182,185,186,187,189,192,194,195,197,201,203,207,208,209,210,212,215,222,223,232,233,234,236,239,241,246,248,249,252,257,258,259,266,268,269,271,272,273,274,275,277,278,279,280,281,4263,10485,11388,11389,11390,11391,11392,11393,11394,11395,11396,11397,11398,11399&selected_months=Jan-2020,Feb-2020,Mar-2020&report_type=ByStation&report_period=ByMonth&is_data_filter=true
USE eager loading detected
  EmployeeAllowance => [:station]
  Add to your query: .includes([:station])
Call stack
  /home/kalp/mywork/rail_data/app/controllers/admin/employee_allowances_controller.rb:52:in `block in index'
  /home/kalp/mywork/rail_data/app/controllers/admin/employee_allowances_controller.rb:51:in `index'

2020-03-20 12:24:40[WARN] user: kalp
GET /admin/employee_allowances.js?selected_category_ids=multiselect-all,1,2,3,4,5,6,7,8,9,10,11,12,13&selected_employee_allowance_type=multiselect-all,OverTime,Transpotation,Contingency&selected_station_ids=multiselect-all,1,2,4,7,8,9,13,14,15,17,18,19,20,21,22,23,24,27,31,33,35,36,37,39,40,42,43,44,46,48,49,50,52,53,55,57,58,60,63,65,66,67,68,69,76,83,84,88,92,97,108,111,112,114,115,116,117,118,120,124,125,127,131,133,134,137,140,144,150,151,152,153,155,157,158,162,164,165,167,168,170,174,177,182,185,186,187,189,192,194,195,197,201,203,207,208,209,210,212,215,222,223,232,233,234,236,239,241,246,248,249,252,257,258,259,266,268,269,271,272,273,274,275,277,278,279,280,281,4263,10485,11388,11389,11390,11391,11392,11393,11394,11395,11396,11397,11398,11399&selected_months=Jan-2020,Feb-2020,Mar-2020&report_type=ByStation&report_period=ByMonth&is_data_filter=true
USE eager loading detected
  EmployeeAllowance => [:employee_post]
  Add to your query: .includes([:employee_post])
Call stack
  /home/kalp/mywork/rail_data/app/controllers/admin/employee_allowances_controller.rb:55:in `block in index'
  /home/kalp/mywork/rail_data/app/controllers/admin/employee_allowances_controller.rb:51:in `index'

2020-03-20 12:29:50[WARN] user: kalp
GET /admin/employee_allowances.js?selected_category_ids=multiselect-all,1,2,3,4,5,6,7,8,9,10,11,12,13&selected_employee_allowance_type=multiselect-all,OverTime,Transpotation,Contingency&selected_station_ids=multiselect-all,1,2,4,7,8,9,13,14,15,17,18,19,20,21,22,23,24,27,31,33,35,36,37,39,40,42,43,44,46,48,49,50,52,53,55,57,58,60,63,65,66,67,68,69,76,83,84,88,92,97,108,111,112,114,115,116,117,118,120,124,125,127,131,133,134,137,140,144,150,151,152,153,155,157,158,162,164,165,167,168,170,174,177,182,185,186,187,189,192,194,195,197,201,203,207,208,209,210,212,215,222,223,232,233,234,236,239,241,246,248,249,252,257,258,259,266,268,269,271,272,273,274,275,277,278,279,280,281,4263,10485,11388,11389,11390,11391,11392,11393,11394,11395,11396,11397,11398,11399&selected_years=2019-2020&report_type=ByStation&report_period=ByYear&is_data_filter=true
USE eager loading detected
  EmployeeAllowance => [:station]
  Add to your query: .includes([:station])
Call stack
  /home/kalp/mywork/rail_data/app/controllers/admin/employee_allowances_controller.rb:52:in `block in index'
  /home/kalp/mywork/rail_data/app/controllers/admin/employee_allowances_controller.rb:51:in `index'

2020-03-20 12:29:50[WARN] user: kalp
GET /admin/employee_allowances.js?selected_category_ids=multiselect-all,1,2,3,4,5,6,7,8,9,10,11,12,13&selected_employee_allowance_type=multiselect-all,OverTime,Transpotation,Contingency&selected_station_ids=multiselect-all,1,2,4,7,8,9,13,14,15,17,18,19,20,21,22,23,24,27,31,33,35,36,37,39,40,42,43,44,46,48,49,50,52,53,55,57,58,60,63,65,66,67,68,69,76,83,84,88,92,97,108,111,112,114,115,116,117,118,120,124,125,127,131,133,134,137,140,144,150,151,152,153,155,157,158,162,164,165,167,168,170,174,177,182,185,186,187,189,192,194,195,197,201,203,207,208,209,210,212,215,222,223,232,233,234,236,239,241,246,248,249,252,257,258,259,266,268,269,271,272,273,274,275,277,278,279,280,281,4263,10485,11388,11389,11390,11391,11392,11393,11394,11395,11396,11397,11398,11399&selected_years=2019-2020&report_type=ByStation&report_period=ByYear&is_data_filter=true
USE eager loading detected
  EmployeeAllowance => [:employee_post]
  Add to your query: .includes([:employee_post])
Call stack
  /home/kalp/mywork/rail_data/app/controllers/admin/employee_allowances_controller.rb:55:in `block in index'
  /home/kalp/mywork/rail_data/app/controllers/admin/employee_allowances_controller.rb:51:in `index'

2020-03-20 13:52:35[WARN] user: kalp
GET /admin/custom_load_reports.js?selected_months=Jan-2019,Feb-2019,Mar-2019&is_month_filter=true
USE eager loading detected
  LoadUnload => [:station]
  Add to your query: .includes([:station])
Call stack
  /home/kalp/mywork/rail_data/app/controllers/admin/custom_load_reports_controller.rb:54:in `block (2 levels) in get_report_data'
  /home/kalp/mywork/rail_data/app/controllers/admin/custom_load_reports_controller.rb:53:in `each'
  /home/kalp/mywork/rail_data/app/controllers/admin/custom_load_reports_controller.rb:53:in `block in get_report_data'
  /home/kalp/mywork/rail_data/app/controllers/admin/custom_load_reports_controller.rb:52:in `each'
  /home/kalp/mywork/rail_data/app/controllers/admin/custom_load_reports_controller.rb:52:in `get_report_data'
  /home/kalp/mywork/rail_data/app/controllers/admin/custom_load_reports_controller.rb:5:in `index'

2020-03-20 13:52:37[WARN] user: kalp
GET /admin/custom_load_reports.js?selected_months=Jan-2019,Feb-2019,Mar-2019&selected_stations=multiselect-all,15,3,4,11,14,5,9,10,13,19,12,21,8,20,7,22&is_month_station_filter=true
USE eager loading detected
  RakeLoad => [:major_commodity]
  Add to your query: .includes([:major_commodity])
Call stack
  /home/kalp/mywork/rail_data/app/controllers/admin/custom_load_reports_controller.rb:76:in `block (2 levels) in get_report_data'
  /home/kalp/mywork/rail_data/app/controllers/admin/custom_load_reports_controller.rb:75:in `each'
  /home/kalp/mywork/rail_data/app/controllers/admin/custom_load_reports_controller.rb:75:in `block in get_report_data'
  /home/kalp/mywork/rail_data/app/controllers/admin/custom_load_reports_controller.rb:74:in `each'
  /home/kalp/mywork/rail_data/app/controllers/admin/custom_load_reports_controller.rb:74:in `get_report_data'
  /home/kalp/mywork/rail_data/app/controllers/admin/custom_load_reports_controller.rb:5:in `index'

2020-03-20 13:52:41[WARN] user: kalp
GET /admin/custom_load_reports.js?selected_stations=multiselect-all,15,3,4,11,14,5,9,10,13,19,12,21,8,20,7,22&selected_commodity=multiselect-all,12,60,46,4,19,42,16,23,5&is_month_data_filter=true&selected_months=Jan-2019,Feb-2019,Mar-2019&selected_report_type=Destination
USE eager loading detected
  LoadUnload => [:station]
  Add to your query: .includes([:station])
Call stack
  /home/kalp/mywork/rail_data/app/controllers/admin/custom_load_reports_controller.rb:96:in `block (2 levels) in get_report_data'
  /home/kalp/mywork/rail_data/app/controllers/admin/custom_load_reports_controller.rb:95:in `block in get_report_data'
  /home/kalp/mywork/rail_data/app/controllers/admin/custom_load_reports_controller.rb:89:in `each'
  /home/kalp/mywork/rail_data/app/controllers/admin/custom_load_reports_controller.rb:89:in `get_report_data'
  /home/kalp/mywork/rail_data/app/controllers/admin/custom_load_reports_controller.rb:5:in `index'

2020-03-20 13:52:41[WARN] user: kalp
GET /admin/custom_load_reports.js?selected_stations=multiselect-all,15,3,4,11,14,5,9,10,13,19,12,21,8,20,7,22&selected_commodity=multiselect-all,12,60,46,4,19,42,16,23,5&is_month_data_filter=true&selected_months=Jan-2019,Feb-2019,Mar-2019&selected_report_type=Destination
USE eager loading detected
  RakeLoad => [:station]
  Add to your query: .includes([:station])
Call stack
  /home/kalp/mywork/rail_data/app/controllers/admin/custom_load_reports_controller.rb:100:in `block (2 levels) in get_report_data'
  /home/kalp/mywork/rail_data/app/controllers/admin/custom_load_reports_controller.rb:95:in `block in get_report_data'
  /home/kalp/mywork/rail_data/app/controllers/admin/custom_load_reports_controller.rb:89:in `each'
  /home/kalp/mywork/rail_data/app/controllers/admin/custom_load_reports_controller.rb:89:in `get_report_data'
  /home/kalp/mywork/rail_data/app/controllers/admin/custom_load_reports_controller.rb:5:in `index'

2020-03-20 13:52:41[WARN] user: kalp
GET /admin/custom_load_reports.js?selected_stations=multiselect-all,15,3,4,11,14,5,9,10,13,19,12,21,8,20,7,22&selected_commodity=multiselect-all,12,60,46,4,19,42,16,23,5&is_month_data_filter=true&selected_months=Jan-2019,Feb-2019,Mar-2019&selected_report_type=Destination
AVOID eager loading detected
  RakeLoad => [:major_commodity]
  Remove from your query: .includes([:major_commodity])
Call stack

2020-03-20 13:52:59[WARN] user: kalp
GET /admin/custom_load_reports.js?selected_months=Feb-2019,Mar-2019,Feb-2020,Mar-2020&is_month_filter=true
USE eager loading detected
  LoadUnload => [:station]
  Add to your query: .includes([:station])
Call stack
  /home/kalp/mywork/rail_data/app/controllers/admin/custom_load_reports_controller.rb:54:in `block (2 levels) in get_report_data'
  /home/kalp/mywork/rail_data/app/controllers/admin/custom_load_reports_controller.rb:53:in `each'
  /home/kalp/mywork/rail_data/app/controllers/admin/custom_load_reports_controller.rb:53:in `block in get_report_data'
  /home/kalp/mywork/rail_data/app/controllers/admin/custom_load_reports_controller.rb:52:in `each'
  /home/kalp/mywork/rail_data/app/controllers/admin/custom_load_reports_controller.rb:52:in `get_report_data'
  /home/kalp/mywork/rail_data/app/controllers/admin/custom_load_reports_controller.rb:5:in `index'

2020-03-20 13:53:03[WARN] user: kalp
GET /admin/custom_load_reports.js?selected_months=Feb-2019,Mar-2019,Feb-2020,Mar-2020&selected_stations=multiselect-all,15,3,4,11,14,5,9,10,13,19,12,21,8,20,7,22,51,2,17&is_month_station_filter=true
USE eager loading detected
  RakeLoad => [:major_commodity]
  Add to your query: .includes([:major_commodity])
Call stack
  /home/kalp/mywork/rail_data/app/controllers/admin/custom_load_reports_controller.rb:76:in `block (2 levels) in get_report_data'
  /home/kalp/mywork/rail_data/app/controllers/admin/custom_load_reports_controller.rb:75:in `each'
  /home/kalp/mywork/rail_data/app/controllers/admin/custom_load_reports_controller.rb:75:in `block in get_report_data'
  /home/kalp/mywork/rail_data/app/controllers/admin/custom_load_reports_controller.rb:74:in `each'
  /home/kalp/mywork/rail_data/app/controllers/admin/custom_load_reports_controller.rb:74:in `get_report_data'
  /home/kalp/mywork/rail_data/app/controllers/admin/custom_load_reports_controller.rb:5:in `index'

2020-03-20 13:53:11[WARN] user: kalp
GET /admin/custom_load_reports.js?selected_stations=multiselect-all,15,3,4,11,14,5,9,10,13,19,12,21,8,20,7,22,51,2,17&selected_commodity=multiselect-all,12,60,46,4,19,42,16,23,5,50,32,65&is_month_data_filter=true&selected_months=Feb-2019,Mar-2019,Feb-2020,Mar-2020&selected_report_type=Destination
USE eager loading detected
  LoadUnload => [:station]
  Add to your query: .includes([:station])
Call stack
  /home/kalp/mywork/rail_data/app/controllers/admin/custom_load_reports_controller.rb:96:in `block (2 levels) in get_report_data'
  /home/kalp/mywork/rail_data/app/controllers/admin/custom_load_reports_controller.rb:95:in `block in get_report_data'
  /home/kalp/mywork/rail_data/app/controllers/admin/custom_load_reports_controller.rb:89:in `each'
  /home/kalp/mywork/rail_data/app/controllers/admin/custom_load_reports_controller.rb:89:in `get_report_data'
  /home/kalp/mywork/rail_data/app/controllers/admin/custom_load_reports_controller.rb:5:in `index'

2020-03-20 13:53:11[WARN] user: kalp
GET /admin/custom_load_reports.js?selected_stations=multiselect-all,15,3,4,11,14,5,9,10,13,19,12,21,8,20,7,22,51,2,17&selected_commodity=multiselect-all,12,60,46,4,19,42,16,23,5,50,32,65&is_month_data_filter=true&selected_months=Feb-2019,Mar-2019,Feb-2020,Mar-2020&selected_report_type=Destination
USE eager loading detected
  RakeLoad => [:station]
  Add to your query: .includes([:station])
Call stack
  /home/kalp/mywork/rail_data/app/controllers/admin/custom_load_reports_controller.rb:100:in `block (2 levels) in get_report_data'
  /home/kalp/mywork/rail_data/app/controllers/admin/custom_load_reports_controller.rb:95:in `block in get_report_data'
  /home/kalp/mywork/rail_data/app/controllers/admin/custom_load_reports_controller.rb:89:in `each'
  /home/kalp/mywork/rail_data/app/controllers/admin/custom_load_reports_controller.rb:89:in `get_report_data'
  /home/kalp/mywork/rail_data/app/controllers/admin/custom_load_reports_controller.rb:5:in `index'

2020-03-20 13:53:11[WARN] user: kalp
GET /admin/custom_load_reports.js?selected_stations=multiselect-all,15,3,4,11,14,5,9,10,13,19,12,21,8,20,7,22,51,2,17&selected_commodity=multiselect-all,12,60,46,4,19,42,16,23,5,50,32,65&is_month_data_filter=true&selected_months=Feb-2019,Mar-2019,Feb-2020,Mar-2020&selected_report_type=Destination
AVOID eager loading detected
  RakeLoad => [:major_commodity]
  Remove from your query: .includes([:major_commodity])
Call stack

2020-03-20 13:53:24[WARN] user: kalp
GET /admin/custom_load_reports.js?selected_months=Mar-2019,Mar-2020&is_month_filter=true
USE eager loading detected
  LoadUnload => [:station]
  Add to your query: .includes([:station])
Call stack
  /home/kalp/mywork/rail_data/app/controllers/admin/custom_load_reports_controller.rb:54:in `block (2 levels) in get_report_data'
  /home/kalp/mywork/rail_data/app/controllers/admin/custom_load_reports_controller.rb:53:in `each'
  /home/kalp/mywork/rail_data/app/controllers/admin/custom_load_reports_controller.rb:53:in `block in get_report_data'
  /home/kalp/mywork/rail_data/app/controllers/admin/custom_load_reports_controller.rb:52:in `each'
  /home/kalp/mywork/rail_data/app/controllers/admin/custom_load_reports_controller.rb:52:in `get_report_data'
  /home/kalp/mywork/rail_data/app/controllers/admin/custom_load_reports_controller.rb:5:in `index'

2020-03-20 13:53:27[WARN] user: kalp
GET /admin/custom_load_reports.js?selected_months=Mar-2019,Mar-2020&selected_stations=multiselect-all,15,3,4,11,14,5,9,10,13,19,12,21,8,20,7,22,51,17&is_month_station_filter=true
USE eager loading detected
  RakeLoad => [:major_commodity]
  Add to your query: .includes([:major_commodity])
Call stack
  /home/kalp/mywork/rail_data/app/controllers/admin/custom_load_reports_controller.rb:76:in `block (2 levels) in get_report_data'
  /home/kalp/mywork/rail_data/app/controllers/admin/custom_load_reports_controller.rb:75:in `each'
  /home/kalp/mywork/rail_data/app/controllers/admin/custom_load_reports_controller.rb:75:in `block in get_report_data'
  /home/kalp/mywork/rail_data/app/controllers/admin/custom_load_reports_controller.rb:74:in `each'
  /home/kalp/mywork/rail_data/app/controllers/admin/custom_load_reports_controller.rb:74:in `get_report_data'
  /home/kalp/mywork/rail_data/app/controllers/admin/custom_load_reports_controller.rb:5:in `index'

2020-03-20 13:53:31[WARN] user: kalp
GET /admin/custom_load_reports.js?selected_stations=multiselect-all,15,3,4,11,14,5,9,10,13,19,12,21,8,20,7,22,51,17&selected_commodity=multiselect-all,12,60,46,4,19,42,16,23,5,65&is_month_data_filter=true&selected_months=Mar-2019,Mar-2020&selected_report_type=Destination
USE eager loading detected
  LoadUnload => [:station]
  Add to your query: .includes([:station])
Call stack
  /home/kalp/mywork/rail_data/app/controllers/admin/custom_load_reports_controller.rb:96:in `block (2 levels) in get_report_data'
  /home/kalp/mywork/rail_data/app/controllers/admin/custom_load_reports_controller.rb:95:in `block in get_report_data'
  /home/kalp/mywork/rail_data/app/controllers/admin/custom_load_reports_controller.rb:89:in `each'
  /home/kalp/mywork/rail_data/app/controllers/admin/custom_load_reports_controller.rb:89:in `get_report_data'
  /home/kalp/mywork/rail_data/app/controllers/admin/custom_load_reports_controller.rb:5:in `index'

2020-03-20 13:53:31[WARN] user: kalp
GET /admin/custom_load_reports.js?selected_stations=multiselect-all,15,3,4,11,14,5,9,10,13,19,12,21,8,20,7,22,51,17&selected_commodity=multiselect-all,12,60,46,4,19,42,16,23,5,65&is_month_data_filter=true&selected_months=Mar-2019,Mar-2020&selected_report_type=Destination
USE eager loading detected
  RakeLoad => [:station]
  Add to your query: .includes([:station])
Call stack
  /home/kalp/mywork/rail_data/app/controllers/admin/custom_load_reports_controller.rb:100:in `block (2 levels) in get_report_data'
  /home/kalp/mywork/rail_data/app/controllers/admin/custom_load_reports_controller.rb:95:in `block in get_report_data'
  /home/kalp/mywork/rail_data/app/controllers/admin/custom_load_reports_controller.rb:89:in `each'
  /home/kalp/mywork/rail_data/app/controllers/admin/custom_load_reports_controller.rb:89:in `get_report_data'
  /home/kalp/mywork/rail_data/app/controllers/admin/custom_load_reports_controller.rb:5:in `index'

2020-03-20 13:53:31[WARN] user: kalp
GET /admin/custom_load_reports.js?selected_stations=multiselect-all,15,3,4,11,14,5,9,10,13,19,12,21,8,20,7,22,51,17&selected_commodity=multiselect-all,12,60,46,4,19,42,16,23,5,65&is_month_data_filter=true&selected_months=Mar-2019,Mar-2020&selected_report_type=Destination
AVOID eager loading detected
  RakeLoad => [:major_commodity]
  Remove from your query: .includes([:major_commodity])
Call stack

2020-03-20 13:54:39[WARN] user: kalp
GET /admin/custom_load_reports.js?selected_stations=multiselect-all,15,3,4,11,14,5,9,10,13,19,12,21,8,20,7,22,51,17&selected_commodity=12&is_month_data_filter=true&selected_months=Mar-2019,Mar-2020&selected_report_type=Destination
USE eager loading detected
  LoadUnload => [:station]
  Add to your query: .includes([:station])
Call stack
  /home/kalp/mywork/rail_data/app/controllers/admin/custom_load_reports_controller.rb:96:in `block (2 levels) in get_report_data'
  /home/kalp/mywork/rail_data/app/controllers/admin/custom_load_reports_controller.rb:95:in `block in get_report_data'
  /home/kalp/mywork/rail_data/app/controllers/admin/custom_load_reports_controller.rb:89:in `each'
  /home/kalp/mywork/rail_data/app/controllers/admin/custom_load_reports_controller.rb:89:in `get_report_data'
  /home/kalp/mywork/rail_data/app/controllers/admin/custom_load_reports_controller.rb:5:in `index'

2020-03-20 13:54:39[WARN] user: kalp
GET /admin/custom_load_reports.js?selected_stations=multiselect-all,15,3,4,11,14,5,9,10,13,19,12,21,8,20,7,22,51,17&selected_commodity=12&is_month_data_filter=true&selected_months=Mar-2019,Mar-2020&selected_report_type=Destination
USE eager loading detected
  RakeLoad => [:station]
  Add to your query: .includes([:station])
Call stack
  /home/kalp/mywork/rail_data/app/controllers/admin/custom_load_reports_controller.rb:100:in `block (2 levels) in get_report_data'
  /home/kalp/mywork/rail_data/app/controllers/admin/custom_load_reports_controller.rb:95:in `block in get_report_data'
  /home/kalp/mywork/rail_data/app/controllers/admin/custom_load_reports_controller.rb:89:in `each'
  /home/kalp/mywork/rail_data/app/controllers/admin/custom_load_reports_controller.rb:89:in `get_report_data'
  /home/kalp/mywork/rail_data/app/controllers/admin/custom_load_reports_controller.rb:5:in `index'

2020-03-20 13:54:39[WARN] user: kalp
GET /admin/custom_load_reports.js?selected_stations=multiselect-all,15,3,4,11,14,5,9,10,13,19,12,21,8,20,7,22,51,17&selected_commodity=12&is_month_data_filter=true&selected_months=Mar-2019,Mar-2020&selected_report_type=Destination
AVOID eager loading detected
  RakeLoad => [:major_commodity]
  Remove from your query: .includes([:major_commodity])
Call stack

2020-03-20 13:54:54[WARN] user: kalp
GET /admin/unloading_reports
USE eager loading detected
  RakeUnload => [:load_unload]
  Add to your query: .includes([:load_unload])
Call stack
  /home/kalp/mywork/rail_data/app/controllers/admin/unloading_reports_controller.rb:20:in `block in index'
  /home/kalp/mywork/rail_data/app/controllers/admin/unloading_reports_controller.rb:19:in `each'
  /home/kalp/mywork/rail_data/app/controllers/admin/unloading_reports_controller.rb:19:in `index'

2020-03-20 13:54:54[WARN] user: kalp
GET /admin/unloading_reports.js?data=20/03/2020
USE eager loading detected
  RakeUnload => [:load_unload]
  Add to your query: .includes([:load_unload])
Call stack
  /home/kalp/mywork/rail_data/app/controllers/admin/unloading_reports_controller.rb:20:in `block in index'
  /home/kalp/mywork/rail_data/app/controllers/admin/unloading_reports_controller.rb:19:in `each'
  /home/kalp/mywork/rail_data/app/controllers/admin/unloading_reports_controller.rb:19:in `index'

2020-03-20 13:54:54[WARN] user: kalp
GET /admin/unloading_reports.js?data=20/03/2020
USE eager loading detected
  RakeUnload => [:station]
  Add to your query: .includes([:station])
Call stack
  /home/kalp/mywork/rail_data/app/views/admin/unloading_reports/_division_listing.html.erb:24:in `block in _app_views_admin_unloading_reports__division_listing_html_erb__491439874008680826_69856421164360'
  /home/kalp/mywork/rail_data/app/views/admin/unloading_reports/_division_listing.html.erb:22:in `each'
  /home/kalp/mywork/rail_data/app/views/admin/unloading_reports/_division_listing.html.erb:22:in `each_with_index'
  /home/kalp/mywork/rail_data/app/views/admin/unloading_reports/_division_listing.html.erb:22:in `_app_views_admin_unloading_reports__division_listing_html_erb__491439874008680826_69856421164360'
  /home/kalp/mywork/rail_data/app/views/admin/unloading_reports/index.js.erb:2:in `_app_views_admin_unloading_reports_index_js_erb___1995377293139819801_69856420843400'

2020-03-20 13:54:54[WARN] user: kalp
GET /admin/unloading_reports.js?data=20/03/2020
USE eager loading detected
  RakeUnload => [:wagon_type]
  Add to your query: .includes([:wagon_type])
Call stack
  /home/kalp/mywork/rail_data/app/views/admin/unloading_reports/_division_listing.html.erb:29:in `block in _app_views_admin_unloading_reports__division_listing_html_erb__491439874008680826_69856421164360'
  /home/kalp/mywork/rail_data/app/views/admin/unloading_reports/_division_listing.html.erb:22:in `each'
  /home/kalp/mywork/rail_data/app/views/admin/unloading_reports/_division_listing.html.erb:22:in `each_with_index'
  /home/kalp/mywork/rail_data/app/views/admin/unloading_reports/_division_listing.html.erb:22:in `_app_views_admin_unloading_reports__division_listing_html_erb__491439874008680826_69856421164360'
  /home/kalp/mywork/rail_data/app/views/admin/unloading_reports/index.js.erb:2:in `_app_views_admin_unloading_reports_index_js_erb___1995377293139819801_69856420843400'

2020-03-20 13:54:54[WARN] user: kalp
GET /admin/unloading_reports.js?data=20/03/2020
USE eager loading detected
  RakeUnload => [:major_commodity]
  Add to your query: .includes([:major_commodity])
Call stack
  /home/kalp/mywork/rail_data/app/views/admin/unloading_reports/_division_listing.html.erb:30:in `block in _app_views_admin_unloading_reports__division_listing_html_erb__491439874008680826_69856421164360'
  /home/kalp/mywork/rail_data/app/views/admin/unloading_reports/_division_listing.html.erb:22:in `each'
  /home/kalp/mywork/rail_data/app/views/admin/unloading_reports/_division_listing.html.erb:22:in `each_with_index'
  /home/kalp/mywork/rail_data/app/views/admin/unloading_reports/_division_listing.html.erb:22:in `_app_views_admin_unloading_reports__division_listing_html_erb__491439874008680826_69856421164360'
  /home/kalp/mywork/rail_data/app/views/admin/unloading_reports/index.js.erb:2:in `_app_views_admin_unloading_reports_index_js_erb___1995377293139819801_69856420843400'

2020-03-20 13:55:00[WARN] user: kalp
GET /admin/unloading_reports.js?data=10/03/2020
USE eager loading detected
  RakeUnload => [:load_unload]
  Add to your query: .includes([:load_unload])
Call stack
  /home/kalp/mywork/rail_data/app/controllers/admin/unloading_reports_controller.rb:20:in `block in index'
  /home/kalp/mywork/rail_data/app/controllers/admin/unloading_reports_controller.rb:19:in `each'
  /home/kalp/mywork/rail_data/app/controllers/admin/unloading_reports_controller.rb:19:in `index'

2020-03-20 13:55:00[WARN] user: kalp
GET /admin/unloading_reports.js?data=10/03/2020
USE eager loading detected
  RakeUnload => [:station]
  Add to your query: .includes([:station])
Call stack
  /home/kalp/mywork/rail_data/app/views/admin/unloading_reports/_division_listing.html.erb:24:in `block in _app_views_admin_unloading_reports__division_listing_html_erb__491439874008680826_69856430704180'
  /home/kalp/mywork/rail_data/app/views/admin/unloading_reports/_division_listing.html.erb:22:in `each'
  /home/kalp/mywork/rail_data/app/views/admin/unloading_reports/_division_listing.html.erb:22:in `each_with_index'
  /home/kalp/mywork/rail_data/app/views/admin/unloading_reports/_division_listing.html.erb:22:in `_app_views_admin_unloading_reports__division_listing_html_erb__491439874008680826_69856430704180'
  /home/kalp/mywork/rail_data/app/views/admin/unloading_reports/index.js.erb:2:in `_app_views_admin_unloading_reports_index_js_erb___1995377293139819801_69856430602200'

2020-03-20 13:55:00[WARN] user: kalp
GET /admin/unloading_reports.js?data=10/03/2020
USE eager loading detected
  RakeUnload => [:wagon_type]
  Add to your query: .includes([:wagon_type])
Call stack
  /home/kalp/mywork/rail_data/app/views/admin/unloading_reports/_division_listing.html.erb:29:in `block in _app_views_admin_unloading_reports__division_listing_html_erb__491439874008680826_69856430704180'
  /home/kalp/mywork/rail_data/app/views/admin/unloading_reports/_division_listing.html.erb:22:in `each'
  /home/kalp/mywork/rail_data/app/views/admin/unloading_reports/_division_listing.html.erb:22:in `each_with_index'
  /home/kalp/mywork/rail_data/app/views/admin/unloading_reports/_division_listing.html.erb:22:in `_app_views_admin_unloading_reports__division_listing_html_erb__491439874008680826_69856430704180'
  /home/kalp/mywork/rail_data/app/views/admin/unloading_reports/index.js.erb:2:in `_app_views_admin_unloading_reports_index_js_erb___1995377293139819801_69856430602200'

2020-03-20 13:55:00[WARN] user: kalp
GET /admin/unloading_reports.js?data=10/03/2020
USE eager loading detected
  RakeUnload => [:major_commodity]
  Add to your query: .includes([:major_commodity])
Call stack
  /home/kalp/mywork/rail_data/app/views/admin/unloading_reports/_division_listing.html.erb:30:in `block in _app_views_admin_unloading_reports__division_listing_html_erb__491439874008680826_69856430704180'
  /home/kalp/mywork/rail_data/app/views/admin/unloading_reports/_division_listing.html.erb:22:in `each'
  /home/kalp/mywork/rail_data/app/views/admin/unloading_reports/_division_listing.html.erb:22:in `each_with_index'
  /home/kalp/mywork/rail_data/app/views/admin/unloading_reports/_division_listing.html.erb:22:in `_app_views_admin_unloading_reports__division_listing_html_erb__491439874008680826_69856430704180'
  /home/kalp/mywork/rail_data/app/views/admin/unloading_reports/index.js.erb:2:in `_app_views_admin_unloading_reports_index_js_erb___1995377293139819801_69856430602200'

2020-03-20 13:55:46[WARN] user: kalp
GET /admin/employees.js?selected_station=1&is_data_filter=true
USE eager loading detected
  Employee => [:employee_post]
  Add to your query: .includes([:employee_post])
Call stack
  /home/kalp/mywork/rail_data/app/views/admin/employees/_listing.html.erb:27:in `block in _app_views_admin_employees__listing_html_erb__151052601339707845_69856409922340'
  /home/kalp/mywork/rail_data/app/views/admin/employees/_listing.html.erb:20:in `each_with_index'
  /home/kalp/mywork/rail_data/app/views/admin/employees/_listing.html.erb:20:in `_app_views_admin_employees__listing_html_erb__151052601339707845_69856409922340'
  /home/kalp/mywork/rail_data/app/views/admin/employees/index.js.erb:2:in `_app_views_admin_employees_index_js_erb___25890474341317444_69856409211900'

2020-03-20 13:55:46[WARN] user: kalp
GET /admin/employees.js?selected_station=1&is_data_filter=true
USE eager loading detected
  Employee => [:station]
  Add to your query: .includes([:station])
Call stack
  /home/kalp/mywork/rail_data/app/views/admin/employees/_listing.html.erb:31:in `block in _app_views_admin_employees__listing_html_erb__151052601339707845_69856409922340'
  /home/kalp/mywork/rail_data/app/views/admin/employees/_listing.html.erb:20:in `each_with_index'
  /home/kalp/mywork/rail_data/app/views/admin/employees/_listing.html.erb:20:in `_app_views_admin_employees__listing_html_erb__151052601339707845_69856409922340'
  /home/kalp/mywork/rail_data/app/views/admin/employees/index.js.erb:2:in `_app_views_admin_employees_index_js_erb___25890474341317444_69856409211900'

2020-03-20 14:52:41[WARN] user: kalp
GET /admin/one_custom_reports.js?from_date=01-03-2020&to_date=06-03-2020
USE eager loading detected
  RakeLoad => [:load_unload]
  Add to your query: .includes([:load_unload])
Call stack
  /home/kalp/mywork/rail_data/app/controllers/admin/one_custom_reports_controller.rb:19:in `block in index'
  /home/kalp/mywork/rail_data/app/controllers/admin/one_custom_reports_controller.rb:15:in `index'

2020-03-20 14:52:41[WARN] user: kalp
GET /admin/one_custom_reports.js?from_date=01-03-2020&to_date=06-03-2020
USE eager loading detected
  RakeLoad => [:create_rake_loads_rake_commodities]
  Add to your query: .includes([:create_rake_loads_rake_commodities])
Call stack
  /home/kalp/mywork/rail_data/app/controllers/admin/one_custom_reports_controller.rb:36:in `block in index'
  /home/kalp/mywork/rail_data/app/controllers/admin/one_custom_reports_controller.rb:15:in `index'

2020-03-20 14:52:48[WARN] user: kalp
GET /admin/one_custom_reports.js?selected_commodity=CONT,SALT,FERT&is_data_filter=true&from_date=01-03-2020&to_date=06-03-2020
USE eager loading detected
  RakeLoad => [:load_unload]
  Add to your query: .includes([:load_unload])
Call stack
  /home/kalp/mywork/rail_data/app/controllers/admin/one_custom_reports_controller.rb:19:in `block in index'
  /home/kalp/mywork/rail_data/app/controllers/admin/one_custom_reports_controller.rb:15:in `index'

2020-03-20 14:52:48[WARN] user: kalp
GET /admin/one_custom_reports.js?selected_commodity=CONT,SALT,FERT&is_data_filter=true&from_date=01-03-2020&to_date=06-03-2020
USE eager loading detected
  RakeLoad => [:create_rake_loads_rake_commodities]
  Add to your query: .includes([:create_rake_loads_rake_commodities])
Call stack
  /home/kalp/mywork/rail_data/app/controllers/admin/one_custom_reports_controller.rb:36:in `block in index'
  /home/kalp/mywork/rail_data/app/controllers/admin/one_custom_reports_controller.rb:15:in `index'

2020-03-20 14:53:03[WARN] user: kalp
GET /admin/one_custom_reports.js?selected_commodity=CONT,SALT,FERT,EOIL&is_data_filter=true&from_date=01-03-2020&to_date=06-03-2020
USE eager loading detected
  RakeLoad => [:load_unload]
  Add to your query: .includes([:load_unload])
Call stack
  /home/kalp/mywork/rail_data/app/controllers/admin/one_custom_reports_controller.rb:19:in `block in index'
  /home/kalp/mywork/rail_data/app/controllers/admin/one_custom_reports_controller.rb:15:in `index'

2020-03-20 14:53:03[WARN] user: kalp
GET /admin/one_custom_reports.js?selected_commodity=CONT,SALT,FERT,EOIL&is_data_filter=true&from_date=01-03-2020&to_date=06-03-2020
USE eager loading detected
  RakeLoad => [:create_rake_loads_rake_commodities]
  Add to your query: .includes([:create_rake_loads_rake_commodities])
Call stack
  /home/kalp/mywork/rail_data/app/controllers/admin/one_custom_reports_controller.rb:36:in `block in index'
  /home/kalp/mywork/rail_data/app/controllers/admin/one_custom_reports_controller.rb:15:in `index'

2020-03-20 14:53:43[WARN] user: kalp
GET /admin/one_custom_reports.js?from_date=01-02-2020&to_date=01-02-2020
USE eager loading detected
  RakeLoad => [:load_unload]
  Add to your query: .includes([:load_unload])
Call stack
  /home/kalp/mywork/rail_data/app/controllers/admin/one_custom_reports_controller.rb:19:in `block in index'
  /home/kalp/mywork/rail_data/app/controllers/admin/one_custom_reports_controller.rb:15:in `index'

2020-03-20 14:53:48[WARN] user: kalp
GET /admin/one_custom_reports.js?from_date=01-02-2020&to_date=29-02-2020
USE eager loading detected
  RakeLoad => [:load_unload]
  Add to your query: .includes([:load_unload])
Call stack
  /home/kalp/mywork/rail_data/app/controllers/admin/one_custom_reports_controller.rb:19:in `block in index'
  /home/kalp/mywork/rail_data/app/controllers/admin/one_custom_reports_controller.rb:15:in `index'

2020-03-20 14:53:48[WARN] user: kalp
GET /admin/one_custom_reports.js?from_date=01-02-2020&to_date=29-02-2020
USE eager loading detected
  RakeLoad => [:create_rake_loads_rake_commodities]
  Add to your query: .includes([:create_rake_loads_rake_commodities])
Call stack
  /home/kalp/mywork/rail_data/app/controllers/admin/one_custom_reports_controller.rb:36:in `block in index'
  /home/kalp/mywork/rail_data/app/controllers/admin/one_custom_reports_controller.rb:15:in `index'

2020-03-20 14:53:54[WARN] user: kalp
GET /admin/one_custom_reports.js?selected_commodity=CONT,AUTO,SALT&is_data_filter=true&from_date=01-02-2020&to_date=29-02-2020
USE eager loading detected
  RakeLoad => [:load_unload]
  Add to your query: .includes([:load_unload])
Call stack
  /home/kalp/mywork/rail_data/app/controllers/admin/one_custom_reports_controller.rb:19:in `block in index'
  /home/kalp/mywork/rail_data/app/controllers/admin/one_custom_reports_controller.rb:15:in `index'

2020-03-20 14:53:54[WARN] user: kalp
GET /admin/one_custom_reports.js?selected_commodity=CONT,AUTO,SALT&is_data_filter=true&from_date=01-02-2020&to_date=29-02-2020
USE eager loading detected
  RakeLoad => [:create_rake_loads_rake_commodities]
  Add to your query: .includes([:create_rake_loads_rake_commodities])
Call stack
  /home/kalp/mywork/rail_data/app/controllers/admin/one_custom_reports_controller.rb:36:in `block in index'
  /home/kalp/mywork/rail_data/app/controllers/admin/one_custom_reports_controller.rb:15:in `index'

2020-03-20 14:54:30[WARN] user: kalp
GET /admin/one_custom_reports.js?selected_commodity=RMC,BALT,SLPR&is_data_filter=true&from_date=01-02-2020&to_date=29-02-2020
USE eager loading detected
  RakeLoad => [:load_unload]
  Add to your query: .includes([:load_unload])
Call stack
  /home/kalp/mywork/rail_data/app/controllers/admin/one_custom_reports_controller.rb:19:in `block in index'
  /home/kalp/mywork/rail_data/app/controllers/admin/one_custom_reports_controller.rb:15:in `index'

2020-03-20 14:54:30[WARN] user: kalp
GET /admin/one_custom_reports.js?selected_commodity=RMC,BALT,SLPR&is_data_filter=true&from_date=01-02-2020&to_date=29-02-2020
USE eager loading detected
  RakeLoad => [:create_rake_loads_rake_commodities]
  Add to your query: .includes([:create_rake_loads_rake_commodities])
Call stack
  /home/kalp/mywork/rail_data/app/controllers/admin/one_custom_reports_controller.rb:36:in `block in index'
  /home/kalp/mywork/rail_data/app/controllers/admin/one_custom_reports_controller.rb:15:in `index'

2020-03-20 14:55:16[WARN] user: kalp
GET /admin/one_custom_reports.js?selected_commodity=multiselect-all,CONT,AUTO,SALT,RMC,BALT,FERT,GAS,SLPR,EOIL,MILK,ESNK,JIRA,PCLK,PPR,FFS,PLAS,IVF,GRAM,ALUM,METL&is_data_filter=true&from_date=01-02-2020&to_date=29-02-2020
USE eager loading detected
  RakeLoad => [:load_unload]
  Add to your query: .includes([:load_unload])
Call stack
  /home/kalp/mywork/rail_data/app/controllers/admin/one_custom_reports_controller.rb:19:in `block in index'
  /home/kalp/mywork/rail_data/app/controllers/admin/one_custom_reports_controller.rb:15:in `index'

2020-03-20 14:55:16[WARN] user: kalp
GET /admin/one_custom_reports.js?selected_commodity=multiselect-all,CONT,AUTO,SALT,RMC,BALT,FERT,GAS,SLPR,EOIL,MILK,ESNK,JIRA,PCLK,PPR,FFS,PLAS,IVF,GRAM,ALUM,METL&is_data_filter=true&from_date=01-02-2020&to_date=29-02-2020
USE eager loading detected
  RakeLoad => [:create_rake_loads_rake_commodities]
  Add to your query: .includes([:create_rake_loads_rake_commodities])
Call stack
  /home/kalp/mywork/rail_data/app/controllers/admin/one_custom_reports_controller.rb:36:in `block in index'
  /home/kalp/mywork/rail_data/app/controllers/admin/one_custom_reports_controller.rb:15:in `index'

2020-03-20 14:56:01[WARN] user: kalp
GET /admin/one_loading_reports
USE eager loading detected
  LoadUnload => [:rake_loads]
  Add to your query: .includes([:rake_loads])
Call stack
  /home/kalp/mywork/rail_data/app/controllers/admin/one_loading_reports_controller.rb:19:in `block in index'
  /home/kalp/mywork/rail_data/app/controllers/admin/one_loading_reports_controller.rb:19:in `index'

2020-03-20 14:56:46[WARN] user: kalp
GET /admin/one_loading_reports.js?from_date=01-02-2020&to_date=29-02-2020
USE eager loading detected
  LoadUnload => [:rake_loads]
  Add to your query: .includes([:rake_loads])
Call stack
  /home/kalp/mywork/rail_data/app/controllers/admin/one_loading_reports_controller.rb:19:in `block in index'
  /home/kalp/mywork/rail_data/app/controllers/admin/one_loading_reports_controller.rb:19:in `index'

2020-03-20 14:56:46[WARN] user: kalp
GET /admin/one_loading_reports.js?from_date=01-02-2020&to_date=29-02-2020
USE eager loading detected
  LoadUnload => [:station]
  Add to your query: .includes([:station])
Call stack
  /home/kalp/mywork/rail_data/app/models/rake_load.rb:401:in `block in get_stationwise_loading'
  /home/kalp/mywork/rail_data/app/models/rake_load.rb:399:in `each'
  /home/kalp/mywork/rail_data/app/models/rake_load.rb:399:in `get_stationwise_loading'
  /home/kalp/mywork/rail_data/app/controllers/admin/one_loading_reports_controller.rb:24:in `index'

2020-03-20 14:56:46[WARN] user: kalp
GET /admin/one_loading_reports.js?from_date=01-02-2020&to_date=29-02-2020
USE eager loading detected
  RakeLoad => [:wagon_type]
  Add to your query: .includes([:wagon_type])
Call stack
  /home/kalp/mywork/rail_data/app/models/rake_load.rb:424:in `block in get_stockwise_loading'
  /home/kalp/mywork/rail_data/app/models/rake_load.rb:421:in `each'
  /home/kalp/mywork/rail_data/app/models/rake_load.rb:421:in `get_stockwise_loading'
  /home/kalp/mywork/rail_data/app/controllers/admin/one_loading_reports_controller.rb:37:in `index'

2020-03-20 14:56:46[WARN] user: kalp
GET /admin/one_loading_reports.js?from_date=01-02-2020&to_date=29-02-2020
USE eager loading detected
  RakeLoad => [:major_commodity]
  Add to your query: .includes([:major_commodity])
Call stack
  /home/kalp/mywork/rail_data/app/models/rake_load.rb:470:in `block in get_commodity_loading'
  /home/kalp/mywork/rail_data/app/models/rake_load.rb:468:in `each'
  /home/kalp/mywork/rail_data/app/models/rake_load.rb:468:in `get_commodity_loading'
  /home/kalp/mywork/rail_data/app/controllers/admin/one_loading_reports_controller.rb:55:in `index'

2020-03-20 14:56:46[WARN] user: kalp
GET /admin/one_loading_reports.js?from_date=01-02-2020&to_date=29-02-2020
USE eager loading detected
  RakeLoad => [:create_rake_loads_rake_commodities]
  Add to your query: .includes([:create_rake_loads_rake_commodities])
Call stack
  /home/kalp/mywork/rail_data/app/controllers/admin/one_loading_reports_controller.rb:88:in `block in index'
  /home/kalp/mywork/rail_data/app/controllers/admin/one_loading_reports_controller.rb:87:in `index'

2020-03-20 14:59:30[WARN] user: kalp
GET /admin/other_loads/new.js?data=20/02/2020
USE eager loading detected
  RakeLoad => [:load_unload]
  Add to your query: .includes([:load_unload])
Call stack
  /home/kalp/mywork/rail_data/app/controllers/admin/other_loads_controller.rb:32:in `block in new'
  /home/kalp/mywork/rail_data/app/controllers/admin/other_loads_controller.rb:31:in `new'

2020-03-20 14:59:38[WARN] user: kalp
GET /admin/other_loads/new.js?data=29/02/2020
USE eager loading detected
  RakeLoad => [:load_unload]
  Add to your query: .includes([:load_unload])
Call stack
  /home/kalp/mywork/rail_data/app/controllers/admin/other_loads_controller.rb:32:in `block in new'
  /home/kalp/mywork/rail_data/app/controllers/admin/other_loads_controller.rb:31:in `new'

2020-03-20 15:00:10[WARN] user: kalp
GET /admin/rake_loads/new.js?data=20/02/2020
USE eager loading detected
  RakeLoad => [:load_unload]
  Add to your query: .includes([:load_unload])
Call stack
  /home/kalp/mywork/rail_data/app/controllers/admin/rake_loads_controller.rb:81:in `block in get_user_area_wise_data'
  /home/kalp/mywork/rail_data/app/controllers/admin/rake_loads_controller.rb:80:in `each'
  /home/kalp/mywork/rail_data/app/controllers/admin/rake_loads_controller.rb:80:in `get_user_area_wise_data'
  /home/kalp/mywork/rail_data/app/controllers/admin/rake_loads_controller.rb:58:in `new'

2020-03-20 15:01:19[WARN] user: kalp
GET /admin/one_custom_reports.js?from_date=01-02-2020&to_date=29-02-2020
USE eager loading detected
  RakeLoad => [:load_unload]
  Add to your query: .includes([:load_unload])
Call stack
  /home/kalp/mywork/rail_data/app/controllers/admin/one_custom_reports_controller.rb:19:in `block in index'
  /home/kalp/mywork/rail_data/app/controllers/admin/one_custom_reports_controller.rb:15:in `index'

2020-03-20 15:01:19[WARN] user: kalp
GET /admin/one_custom_reports.js?from_date=01-02-2020&to_date=29-02-2020
USE eager loading detected
  RakeLoad => [:create_rake_loads_rake_commodities]
  Add to your query: .includes([:create_rake_loads_rake_commodities])
Call stack
  /home/kalp/mywork/rail_data/app/controllers/admin/one_custom_reports_controller.rb:36:in `block in index'
  /home/kalp/mywork/rail_data/app/controllers/admin/one_custom_reports_controller.rb:15:in `index'

2020-03-20 15:01:39[WARN] user: kalp
GET /admin/one_custom_reports.js?selected_commodity=RMC,METL&is_data_filter=true&from_date=01-02-2020&to_date=29-02-2020
USE eager loading detected
  RakeLoad => [:load_unload]
  Add to your query: .includes([:load_unload])
Call stack
  /home/kalp/mywork/rail_data/app/controllers/admin/one_custom_reports_controller.rb:19:in `block in index'
  /home/kalp/mywork/rail_data/app/controllers/admin/one_custom_reports_controller.rb:15:in `index'

2020-03-20 15:01:39[WARN] user: kalp
GET /admin/one_custom_reports.js?selected_commodity=RMC,METL&is_data_filter=true&from_date=01-02-2020&to_date=29-02-2020
USE eager loading detected
  RakeLoad => [:create_rake_loads_rake_commodities]
  Add to your query: .includes([:create_rake_loads_rake_commodities])
Call stack
  /home/kalp/mywork/rail_data/app/controllers/admin/one_custom_reports_controller.rb:36:in `block in index'
  /home/kalp/mywork/rail_data/app/controllers/admin/one_custom_reports_controller.rb:15:in `index'

2020-03-20 15:02:00[WARN] user: kalp
GET /admin/one_custom_reports.js?selected_commodity=multiselect-all,CONT,AUTO,SALT,RMC,BALT,FERT,GAS,SLPR,EOIL,MILK,ESNK,JIRA,PCLK,PPR,FFS,PLAS,IVF,GRAM,ALUM,METL&is_data_filter=true&from_date=01-02-2020&to_date=29-02-2020
USE eager loading detected
  RakeLoad => [:load_unload]
  Add to your query: .includes([:load_unload])
Call stack
  /home/kalp/mywork/rail_data/app/controllers/admin/one_custom_reports_controller.rb:19:in `block in index'
  /home/kalp/mywork/rail_data/app/controllers/admin/one_custom_reports_controller.rb:15:in `index'

2020-03-20 15:02:00[WARN] user: kalp
GET /admin/one_custom_reports.js?selected_commodity=multiselect-all,CONT,AUTO,SALT,RMC,BALT,FERT,GAS,SLPR,EOIL,MILK,ESNK,JIRA,PCLK,PPR,FFS,PLAS,IVF,GRAM,ALUM,METL&is_data_filter=true&from_date=01-02-2020&to_date=29-02-2020
USE eager loading detected
  RakeLoad => [:create_rake_loads_rake_commodities]
  Add to your query: .includes([:create_rake_loads_rake_commodities])
Call stack
  /home/kalp/mywork/rail_data/app/controllers/admin/one_custom_reports_controller.rb:36:in `block in index'
  /home/kalp/mywork/rail_data/app/controllers/admin/one_custom_reports_controller.rb:15:in `index'

