  [1m[36mMajorCommodity Load (0.3ms)[0m  [1m[34mSELECT  `major_commodities`.* FROM `major_commodities` WHERE `major_commodities`.`id` = 0 LIMIT 1[0m
  [1m[36mMajorCommodity Load (0.3ms)[0m  [1m[34mSELECT  `major_commodities`.* FROM `major_commodities` WHERE `major_commodities`.`id` = 1 LIMIT 1[0m
  [1m[36mMajorCommodity Load (0.6ms)[0m  [1m[34mSELECT  `major_commodities`.* FROM `major_commodities` WHERE `major_commodities`.`id` = 0 LIMIT 1[0m
Started GET "/admin/loading_reports" for 127.0.0.1 at 2019-02-27 11:40:51 +0530
  [1m[36mActiveRecord::SchemaMigration Load (3.0ms)[0m  [1m[34mSELECT `schema_migrations`.* FROM `schema_migrations`[0m
DEPRECATION WARNING: before_filter is deprecated and will be removed in Rails 5.1. Use before_action instead. (called from <class:ApplicationController> at /home/kalp/8mywork/rail_data/app/controllers/application_controller.rb:3)
Processing by Admin::LoadingReportsController#index as HTML
Completed 401 Unauthorized in 60ms (ActiveRecord: 0.0ms)


Started GET "/users/sign_in" for 127.0.0.1 at 2019-02-27 11:40:52 +0530
Processing by Devise::SessionsController#new as HTML
  Rendering devise/sessions/new.html.erb within layouts/application
  Rendered devise/sessions/new.html.erb within layouts/application (28.6ms)
Started GET "/users/sign_in" for 127.0.0.1 at 2019-02-27 11:41:22 +0530
Processing by Devise::SessionsController#new as HTML
  Rendering devise/sessions/new.html.erb within layouts/application
  Rendered devise/sessions/new.html.erb within layouts/application (1.0ms)
Started GET "/admin/loading_reports" for 127.0.0.1 at 2019-02-27 11:42:17 +0530
Processing by Admin::LoadingReportsController#index as HTML
Completed 401 Unauthorized in 1ms (ActiveRecord: 0.0ms)


Started GET "/users/sign_in" for 127.0.0.1 at 2019-02-27 11:42:17 +0530
Completed 200 OK in 85771ms (Views: 85686.2ms | ActiveRecord: 41.1ms)


Processing by Devise::SessionsController#new as HTML
  Rendering devise/sessions/new.html.erb within layouts/application
  Rendered devise/sessions/new.html.erb within layouts/application (1.1ms)
Completed 200 OK in 55189ms (Views: 55187.7ms | ActiveRecord: 0.0ms)


Completed 200 OK in 163ms (Views: 162.6ms | ActiveRecord: 0.0ms)


Started POST "/users/sign_in" for 127.0.0.1 at 2019-02-27 11:42:26 +0530
Processing by Devise::SessionsController#create as HTML
  Parameters: {"utf8"=>"✓", "authenticity_token"=>"wLxKFIqMxWSmnOPYhZSa0T1BUMzZ2/OIo+PNGNB6bQf1mH+adYc8pOpw2/ZKii6L48wff9/PvSYVQj0Drn+PZg==", "user"=>{"user_code"=>"KALP26", "password"=>"[FILTERED]"}}
  [1m[36mUser Load (51.7ms)[0m  [1m[34mSELECT  `users`.* FROM `users` WHERE `users`.`user_code` = 'KALP26' ORDER BY `users`.`id` ASC LIMIT 1[0m
  [1m[35m (0.5ms)[0m  [1m[35mBEGIN[0m
  [1m[35mSQL (84.3ms)[0m  [1m[33mUPDATE `users` SET `current_sign_in_at` = '2019-02-27 06:12:26', `last_sign_in_at` = '2019-02-26 10:48:30', `sign_in_count` = 125, `updated_at` = '2019-02-27 06:12:26' WHERE `users`.`id` = 1[0m
  [1m[35m (79.8ms)[0m  [1m[35mCOMMIT[0m
Redirected to http://localhost:3000/admin/rake_loads/new
Completed 302 Found in 488ms (ActiveRecord: 216.3ms)


Started GET "/admin/rake_loads/new" for 127.0.0.1 at 2019-02-27 11:42:26 +0530
Processing by Admin::RakeLoadsController#new as HTML
  [1m[36mUser Load (0.2ms)[0m  [1m[34mSELECT  `users`.* FROM `users` WHERE `users`.`id` = 1 ORDER BY `users`.`id` ASC LIMIT 1[0m
  [1m[36mRakeLoad Load (2.1ms)[0m  [1m[34mSELECT `rake_loads`.* FROM `rake_loads` WHERE (`rake_loads`.`arrival_date` <= '2019-02-27' AND `rake_loads`.`release_date` = '2019-02-27' AND `rake_loads`.`rakeform_otherform` = 'R')[0m
  [1m[36mRakeLoad Load (1.7ms)[0m  [1m[34mSELECT `rake_loads`.* FROM `rake_loads` WHERE (`rake_loads`.`arrival_date` <= '2019-02-27' AND `rake_loads`.`release_date` IS NULL AND `rake_loads`.`rakeform_otherform` = 'R')[0m
  [1m[36mRakeLoad Load (1.7ms)[0m  [1m[34mSELECT `rake_loads`.* FROM `rake_loads` WHERE (`rake_loads`.`arrival_date` <= '2019-02-27' AND `rake_loads`.`release_date` = NULL AND `rake_loads`.`rakeform_otherform` = 'R')[0m
  [1m[36mRakeLoad Load (1.7ms)[0m  [1m[34mSELECT `rake_loads`.* FROM `rake_loads` WHERE (`rake_loads`.`arrival_date` IS NULL AND `rake_loads`.`rakeform_otherform` = 'R')[0m
  [1m[36mRakeLoad Load (1.7ms)[0m  [1m[34mSELECT `rake_loads`.* FROM `rake_loads` WHERE (`rake_loads`.`arrival_date` = NULL AND `rake_loads`.`rakeform_otherform` = 'R')[0m
  [1m[36mRakeLoad Load (2.1ms)[0m  [1m[34mSELECT `rake_loads`.* FROM `rake_loads` WHERE `rake_loads`.`release_date` = '2019-02-27' AND `rake_loads`.`rakeform_otherform` = 'R'[0m
  [1m[36mRakeLoad Load (2.9ms)[0m  [1m[34mSELECT `rake_loads`.* FROM `rake_loads` WHERE `rake_loads`.`release_date` = '2019-02-27' AND `rake_loads`.`rakeform_otherform` = 'O'[0m
  [1m[36mMajorCommodity Load (5.9ms)[0m  [1m[34mSELECT `major_commodities`.* FROM `major_commodities`[0m
  [1m[36mWagonType Load (27.4ms)[0m  [1m[34mSELECT `wagon_types`.* FROM `wagon_types` ORDER BY `wagon_types`.`wagon_type_code` ASC[0m
  [1m[36mCACHE (0.0ms)[0m  [1m[34mSELECT `major_commodities`.* FROM `major_commodities`[0m
  [1m[36mRakeCommodity Load (0.5ms)[0m  [1m[34mSELECT `rake_commodities`.* FROM `rake_commodities` WHERE `rake_commodities`.`major_commodity_id` = 1[0m
  [1m[36mRakeCommodity Load (0.3ms)[0m  [1m[34mSELECT `rake_commodities`.* FROM `rake_commodities` WHERE `rake_commodities`.`major_commodity_id` = 2[0m
  [1m[36mRakeCommodity Load (0.2ms)[0m  [1m[34mSELECT `rake_commodities`.* FROM `rake_commodities` WHERE `rake_commodities`.`major_commodity_id` = 3[0m
  [1m[36mRakeCommodity Load (0.2ms)[0m  [1m[34mSELECT `rake_commodities`.* FROM `rake_commodities` WHERE `rake_commodities`.`major_commodity_id` = 4[0m
  [1m[36mRakeCommodity Load (0.2ms)[0m  [1m[34mSELECT `rake_commodities`.* FROM `rake_commodities` WHERE `rake_commodities`.`major_commodity_id` = 5[0m
  [1m[36mRakeCommodity Load (0.2ms)[0m  [1m[34mSELECT `rake_commodities`.* FROM `rake_commodities` WHERE `rake_commodities`.`major_commodity_id` = 6[0m
  [1m[36mRakeCommodity Load (0.5ms)[0m  [1m[34mSELECT `rake_commodities`.* FROM `rake_commodities` WHERE `rake_commodities`.`major_commodity_id` = 7[0m
  [1m[36mRakeCommodity Load (0.7ms)[0m  [1m[34mSELECT `rake_commodities`.* FROM `rake_commodities` WHERE `rake_commodities`.`major_commodity_id` = 8[0m
  [1m[36mRakeCommodity Load (0.7ms)[0m  [1m[34mSELECT `rake_commodities`.* FROM `rake_commodities` WHERE `rake_commodities`.`major_commodity_id` = 9[0m
  [1m[36mRakeCommodity Load (0.3ms)[0m  [1m[34mSELECT `rake_commodities`.* FROM `rake_commodities` WHERE `rake_commodities`.`major_commodity_id` = 10[0m
  [1m[36mRakeCommodity Load (0.5ms)[0m  [1m[34mSELECT `rake_commodities`.* FROM `rake_commodities` WHERE `rake_commodities`.`major_commodity_id` = 11[0m
  [1m[36mRakeCommodity Load (1.8ms)[0m  [1m[34mSELECT `rake_commodities`.* FROM `rake_commodities` WHERE `rake_commodities`.`major_commodity_id` = 12[0m
  [1m[36mRakeCommodity Load (0.3ms)[0m  [1m[34mSELECT `rake_commodities`.* FROM `rake_commodities` WHERE `rake_commodities`.`major_commodity_id` = 13[0m
  [1m[36mRakeCommodity Load (0.2ms)[0m  [1m[34mSELECT `rake_commodities`.* FROM `rake_commodities` WHERE `rake_commodities`.`major_commodity_id` = 14[0m
  [1m[36mRakeCommodity Load (0.2ms)[0m  [1m[34mSELECT `rake_commodities`.* FROM `rake_commodities` WHERE `rake_commodities`.`major_commodity_id` = 15[0m
  [1m[36mRakeCommodity Load (0.2ms)[0m  [1m[34mSELECT `rake_commodities`.* FROM `rake_commodities` WHERE `rake_commodities`.`major_commodity_id` = 16[0m
  [1m[36mRakeCommodity Load (0.2ms)[0m  [1m[34mSELECT `rake_commodities`.* FROM `rake_commodities` WHERE `rake_commodities`.`major_commodity_id` = 17[0m
  [1m[36mRakeCommodity Load (0.2ms)[0m  [1m[34mSELECT `rake_commodities`.* FROM `rake_commodities` WHERE `rake_commodities`.`major_commodity_id` = 18[0m
  [1m[36mRakeCommodity Load (0.2ms)[0m  [1m[34mSELECT `rake_commodities`.* FROM `rake_commodities` WHERE `rake_commodities`.`major_commodity_id` = 19[0m
  [1m[36mRakeCommodity Load (0.6ms)[0m  [1m[34mSELECT `rake_commodities`.* FROM `rake_commodities` WHERE `rake_commodities`.`major_commodity_id` = 20[0m
  [1m[36mRakeCommodity Load (0.7ms)[0m  [1m[34mSELECT `rake_commodities`.* FROM `rake_commodities` WHERE `rake_commodities`.`major_commodity_id` = 21[0m
  [1m[36mRakeCommodity Load (0.4ms)[0m  [1m[34mSELECT `rake_commodities`.* FROM `rake_commodities` WHERE `rake_commodities`.`major_commodity_id` = 22[0m
  [1m[36mRakeCommodity Load (0.5ms)[0m  [1m[34mSELECT `rake_commodities`.* FROM `rake_commodities` WHERE `rake_commodities`.`major_commodity_id` = 23[0m
  [1m[36mRakeCommodity Load (0.2ms)[0m  [1m[34mSELECT `rake_commodities`.* FROM `rake_commodities` WHERE `rake_commodities`.`major_commodity_id` = 24[0m
  [1m[36mRakeCommodity Load (0.2ms)[0m  [1m[34mSELECT `rake_commodities`.* FROM `rake_commodities` WHERE `rake_commodities`.`major_commodity_id` = 25[0m
  [1m[36mRakeCommodity Load (0.2ms)[0m  [1m[34mSELECT `rake_commodities`.* FROM `rake_commodities` WHERE `rake_commodities`.`major_commodity_id` = 26[0m
  [1m[36mRakeCommodity Load (0.2ms)[0m  [1m[34mSELECT `rake_commodities`.* FROM `rake_commodities` WHERE `rake_commodities`.`major_commodity_id` = 27[0m
  [1m[36mRakeCommodity Load (0.2ms)[0m  [1m[34mSELECT `rake_commodities`.* FROM `rake_commodities` WHERE `rake_commodities`.`major_commodity_id` = 28[0m
  [1m[36mRakeCommodity Load (0.2ms)[0m  [1m[34mSELECT `rake_commodities`.* FROM `rake_commodities` WHERE `rake_commodities`.`major_commodity_id` = 29[0m
  [1m[36mRakeCommodity Load (0.2ms)[0m  [1m[34mSELECT `rake_commodities`.* FROM `rake_commodities` WHERE `rake_commodities`.`major_commodity_id` = 30[0m
  [1m[36mRakeCommodity Load (0.2ms)[0m  [1m[34mSELECT `rake_commodities`.* FROM `rake_commodities` WHERE `rake_commodities`.`major_commodity_id` = 31[0m
  [1m[36mRakeCommodity Load (0.2ms)[0m  [1m[34mSELECT `rake_commodities`.* FROM `rake_commodities` WHERE `rake_commodities`.`major_commodity_id` = 32[0m
  [1m[36mRakeCommodity Load (0.2ms)[0m  [1m[34mSELECT `rake_commodities`.* FROM `rake_commodities` WHERE `rake_commodities`.`major_commodity_id` = 33[0m
  [1m[36mRakeCommodity Load (0.3ms)[0m  [1m[34mSELECT `rake_commodities`.* FROM `rake_commodities` WHERE `rake_commodities`.`major_commodity_id` = 34[0m
  [1m[36mRakeCommodity Load (0.4ms)[0m  [1m[34mSELECT `rake_commodities`.* FROM `rake_commodities` WHERE `rake_commodities`.`major_commodity_id` = 35[0m
  [1m[36mRakeCommodity Load (0.2ms)[0m  [1m[34mSELECT `rake_commodities`.* FROM `rake_commodities` WHERE `rake_commodities`.`major_commodity_id` = 36[0m
  [1m[36mRakeCommodity Load (0.2ms)[0m  [1m[34mSELECT `rake_commodities`.* FROM `rake_commodities` WHERE `rake_commodities`.`major_commodity_id` = 37[0m
  [1m[36mRakeCommodity Load (0.2ms)[0m  [1m[34mSELECT `rake_commodities`.* FROM `rake_commodities` WHERE `rake_commodities`.`major_commodity_id` = 38[0m
  [1m[36mRakeCommodity Load (0.2ms)[0m  [1m[34mSELECT `rake_commodities`.* FROM `rake_commodities` WHERE `rake_commodities`.`major_commodity_id` = 39[0m
  [1m[36mRakeCommodity Load (0.2ms)[0m  [1m[34mSELECT `rake_commodities`.* FROM `rake_commodities` WHERE `rake_commodities`.`major_commodity_id` = 40[0m
  [1m[36mRakeCommodity Load (0.2ms)[0m  [1m[34mSELECT `rake_commodities`.* FROM `rake_commodities` WHERE `rake_commodities`.`major_commodity_id` = 41[0m
  [1m[36mRakeCommodity Load (0.2ms)[0m  [1m[34mSELECT `rake_commodities`.* FROM `rake_commodities` WHERE `rake_commodities`.`major_commodity_id` = 42[0m
  [1m[36mRakeCommodity Load (0.2ms)[0m  [1m[34mSELECT `rake_commodities`.* FROM `rake_commodities` WHERE `rake_commodities`.`major_commodity_id` = 43[0m
  [1m[36mRakeCommodity Load (0.2ms)[0m  [1m[34mSELECT `rake_commodities`.* FROM `rake_commodities` WHERE `rake_commodities`.`major_commodity_id` = 44[0m
  [1m[36mRakeCommodity Load (0.2ms)[0m  [1m[34mSELECT `rake_commodities`.* FROM `rake_commodities` WHERE `rake_commodities`.`major_commodity_id` = 45[0m
  [1m[36mRakeCommodity Load (0.2ms)[0m  [1m[34mSELECT `rake_commodities`.* FROM `rake_commodities` WHERE `rake_commodities`.`major_commodity_id` = 46[0m
  [1m[36mRakeCommodity Load (0.2ms)[0m  [1m[34mSELECT `rake_commodities`.* FROM `rake_commodities` WHERE `rake_commodities`.`major_commodity_id` = 47[0m
  [1m[36mRakeCommodity Load (0.2ms)[0m  [1m[34mSELECT `rake_commodities`.* FROM `rake_commodities` WHERE `rake_commodities`.`major_commodity_id` = 48[0m
  [1m[36mRakeCommodity Load (0.2ms)[0m  [1m[34mSELECT `rake_commodities`.* FROM `rake_commodities` WHERE `rake_commodities`.`major_commodity_id` = 49[0m
  [1m[36mRakeCommodity Load (0.2ms)[0m  [1m[34mSELECT `rake_commodities`.* FROM `rake_commodities` WHERE `rake_commodities`.`major_commodity_id` = 50[0m
  [1m[36mRakeCommodity Load (0.2ms)[0m  [1m[34mSELECT `rake_commodities`.* FROM `rake_commodities` WHERE `rake_commodities`.`major_commodity_id` = 51[0m
  [1m[36mRakeCommodity Load (0.2ms)[0m  [1m[34mSELECT `rake_commodities`.* FROM `rake_commodities` WHERE `rake_commodities`.`major_commodity_id` = 52[0m
  [1m[36mRakeCommodity Load (0.2ms)[0m  [1m[34mSELECT `rake_commodities`.* FROM `rake_commodities` WHERE `rake_commodities`.`major_commodity_id` = 53[0m
  [1m[36mRakeCommodity Load (0.2ms)[0m  [1m[34mSELECT `rake_commodities`.* FROM `rake_commodities` WHERE `rake_commodities`.`major_commodity_id` = 54[0m
  [1m[36mRakeCommodity Load (0.2ms)[0m  [1m[34mSELECT `rake_commodities`.* FROM `rake_commodities` WHERE `rake_commodities`.`major_commodity_id` = 55[0m
  [1m[36mRakeCommodity Load (0.2ms)[0m  [1m[34mSELECT `rake_commodities`.* FROM `rake_commodities` WHERE `rake_commodities`.`major_commodity_id` = 56[0m
  [1m[36mRakeCommodity Load (0.4ms)[0m  [1m[34mSELECT `rake_commodities`.* FROM `rake_commodities` WHERE `rake_commodities`.`major_commodity_id` = 57[0m
  [1m[36mRakeCommodity Load (0.6ms)[0m  [1m[34mSELECT `rake_commodities`.* FROM `rake_commodities` WHERE `rake_commodities`.`major_commodity_id` = 58[0m
  [1m[36mRakeCommodity Load (0.5ms)[0m  [1m[34mSELECT `rake_commodities`.* FROM `rake_commodities` WHERE `rake_commodities`.`major_commodity_id` = 59[0m
  [1m[36mRakeCommodity Load (0.3ms)[0m  [1m[34mSELECT `rake_commodities`.* FROM `rake_commodities` WHERE `rake_commodities`.`major_commodity_id` = 60[0m
  [1m[36mRakeCommodity Load (0.2ms)[0m  [1m[34mSELECT `rake_commodities`.* FROM `rake_commodities` WHERE `rake_commodities`.`major_commodity_id` = 61[0m
  [1m[36mRakeCommodity Load (0.2ms)[0m  [1m[34mSELECT `rake_commodities`.* FROM `rake_commodities` WHERE `rake_commodities`.`major_commodity_id` = 62[0m
  [1m[36mRakeCommodity Load (0.2ms)[0m  [1m[34mSELECT `rake_commodities`.* FROM `rake_commodities` WHERE `rake_commodities`.`major_commodity_id` = 63[0m
  [1m[36mRakeCommodity Load (0.2ms)[0m  [1m[34mSELECT `rake_commodities`.* FROM `rake_commodities` WHERE `rake_commodities`.`major_commodity_id` = 64[0m
  [1m[36mRakeCommodity Load (0.5ms)[0m  [1m[34mSELECT `rake_commodities`.* FROM `rake_commodities` WHERE `rake_commodities`.`major_commodity_id` = 65[0m
  Rendering admin/rake_loads/new.html.erb within layouts/admin/application
  Rendered admin/rake_loads/_form.html.erb (203.3ms)
  Rendered admin/rake_loads/_rake_load_new.html.erb (213.8ms)
  Rendered admin/rake_loads/new.html.erb within layouts/admin/application (220.1ms)
  [1m[36mUserRole Load (0.5ms)[0m  [1m[34mSELECT  `user_roles`.* FROM `user_roles` WHERE `user_roles`.`user_id` = 1 LIMIT 1[0m
  Rendered layouts/admin/_temp_admin_header.html.erb (52.7ms)
  Rendered layouts/admin/_admin_header.html.erb (1.1ms)
Completed 200 OK in 756ms (Views: 396.6ms | ActiveRecord: 123.5ms)


  
ActionController::RoutingError (No route matches [GET] "/assets/favicon.png"):
  
.bundle/ruby/2.6.0/gems/actionpack-5.0.7.1/lib/action_dispatch/middleware/debug_exceptions.rb:53:in `call'
.bundle/ruby/2.6.0/gems/web-console-3.7.0/lib/web_console/middleware.rb:135:in `call_app'
.bundle/ruby/2.6.0/gems/web-console-3.7.0/lib/web_console/middleware.rb:30:in `block in call'
.bundle/ruby/2.6.0/gems/web-console-3.7.0/lib/web_console/middleware.rb:20:in `catch'
.bundle/ruby/2.6.0/gems/web-console-3.7.0/lib/web_console/middleware.rb:20:in `call'
.bundle/ruby/2.6.0/gems/actionpack-5.0.7.1/lib/action_dispatch/middleware/show_exceptions.rb:31:in `call'
.bundle/ruby/2.6.0/gems/railties-5.0.7.1/lib/rails/rack/logger.rb:36:in `call_app'
.bundle/ruby/2.6.0/gems/railties-5.0.7.1/lib/rails/rack/logger.rb:24:in `block in call'
.bundle/ruby/2.6.0/gems/activesupport-5.0.7.1/lib/active_support/tagged_logging.rb:69:in `block in tagged'
.bundle/ruby/2.6.0/gems/activesupport-5.0.7.1/lib/active_support/tagged_logging.rb:26:in `tagged'
.bundle/ruby/2.6.0/gems/activesupport-5.0.7.1/lib/active_support/tagged_logging.rb:69:in `tagged'
.bundle/ruby/2.6.0/gems/railties-5.0.7.1/lib/rails/rack/logger.rb:24:in `call'
.bundle/ruby/2.6.0/gems/sprockets-rails-3.2.1/lib/sprockets/rails/quiet_assets.rb:11:in `block in call'
.bundle/ruby/2.6.0/gems/activesupport-5.0.7.1/lib/active_support/logger_silence.rb:20:in `silence'
.bundle/ruby/2.6.0/gems/activesupport-5.0.7.1/lib/active_support/logger.rb:63:in `block (3 levels) in broadcast'
.bundle/ruby/2.6.0/gems/activesupport-5.0.7.1/lib/active_support/logger_silence.rb:20:in `silence'
.bundle/ruby/2.6.0/gems/activesupport-5.0.7.1/lib/active_support/logger.rb:61:in `block (2 levels) in broadcast'
.bundle/ruby/2.6.0/gems/sprockets-rails-3.2.1/lib/sprockets/rails/quiet_assets.rb:11:in `call'
.bundle/ruby/2.6.0/gems/actionpack-5.0.7.1/lib/action_dispatch/middleware/request_id.rb:24:in `call'
.bundle/ruby/2.6.0/gems/rack-2.0.6/lib/rack/method_override.rb:22:in `call'
.bundle/ruby/2.6.0/gems/rack-2.0.6/lib/rack/runtime.rb:22:in `call'
.bundle/ruby/2.6.0/gems/activesupport-5.0.7.1/lib/active_support/cache/strategy/local_cache_middleware.rb:28:in `call'
.bundle/ruby/2.6.0/gems/actionpack-5.0.7.1/lib/action_dispatch/middleware/executor.rb:12:in `call'
.bundle/ruby/2.6.0/gems/actionpack-5.0.7.1/lib/action_dispatch/middleware/static.rb:136:in `call'
.bundle/ruby/2.6.0/gems/rack-2.0.6/lib/rack/sendfile.rb:111:in `call'
.bundle/ruby/2.6.0/gems/railties-5.0.7.1/lib/rails/engine.rb:522:in `call'
.bundle/ruby/2.6.0/gems/puma-3.12.0/lib/puma/configuration.rb:225:in `call'
.bundle/ruby/2.6.0/gems/puma-3.12.0/lib/puma/server.rb:658:in `handle_request'
.bundle/ruby/2.6.0/gems/puma-3.12.0/lib/puma/server.rb:472:in `process_client'
.bundle/ruby/2.6.0/gems/puma-3.12.0/lib/puma/server.rb:332:in `block in run'
.bundle/ruby/2.6.0/gems/puma-3.12.0/lib/puma/thread_pool.rb:133:in `block in spawn_thread'
Started GET "/admin/loading_reports" for 127.0.0.1 at 2019-02-27 11:43:31 +0530
Processing by Admin::LoadingReportsController#index as HTML
  [1m[36mUser Load (0.7ms)[0m  [1m[34mSELECT  `users`.* FROM `users` WHERE `users`.`id` = 1 ORDER BY `users`.`id` ASC LIMIT 1[0m
  [1m[36mRakeLoad Load (2.3ms)[0m  [1m[34mSELECT `rake_loads`.* FROM `rake_loads` WHERE (`rake_loads`.`arrival_date` <= '2019-02-27' AND `rake_loads`.`release_date` = '2019-02-27')[0m
  [1m[36mRakeLoad Load (2.2ms)[0m  [1m[34mSELECT `rake_loads`.* FROM `rake_loads` WHERE (`rake_loads`.`arrival_date` <= '2019-02-27' AND `rake_loads`.`release_date` IS NULL)[0m
  [1m[36mRakeLoad Load (4.8ms)[0m  [1m[34mSELECT `rake_loads`.* FROM `rake_loads` WHERE (`rake_loads`.`arrival_date` <= '2019-02-27' AND `rake_loads`.`release_date` = NULL)[0m
  [1m[36mRakeLoad Load (3.9ms)[0m  [1m[34mSELECT `rake_loads`.* FROM `rake_loads` WHERE (`rake_loads`.`arrival_date` IS NULL AND `rake_loads`.`release_date` = '2019-02-27')[0m
  [1m[36mRakeLoad Load (2.2ms)[0m  [1m[34mSELECT `rake_loads`.* FROM `rake_loads` WHERE (`rake_loads`.`arrival_date` IS NULL AND `rake_loads`.`release_date` IS NULL)[0m
  Rendering admin/loading_reports/index.html.erb within layouts/admin/application
  Rendered admin/loading_reports/_division_listing.html.erb (1.5ms)
  Rendered admin/loading_reports/_adi_listing.html.erb (2.0ms)
  Rendered admin/loading_reports/_gimb_listing.html.erb (1.8ms)
  Rendered admin/loading_reports/_summary_listing.html.erb (1.7ms)
  Rendered admin/loading_reports/index.html.erb within layouts/admin/application (19.0ms)
  [1m[36mUserRole Load (0.3ms)[0m  [1m[34mSELECT  `user_roles`.* FROM `user_roles` WHERE `user_roles`.`user_id` = 1 LIMIT 1[0m
  Rendered layouts/admin/_temp_admin_header.html.erb (4.1ms)
  Rendered layouts/admin/_admin_header.html.erb (2.2ms)
Completed 200 OK in 326ms (Views: 284.2ms | ActiveRecord: 16.5ms)


Started GET "/admin/loading_reports.js?data=27/02/2019" for 127.0.0.1 at 2019-02-27 11:43:32 +0530
Processing by Admin::LoadingReportsController#index as JS
  Parameters: {"data"=>"27/02/2019"}
  [1m[36mUser Load (0.3ms)[0m  [1m[34mSELECT  `users`.* FROM `users` WHERE `users`.`id` = 1 ORDER BY `users`.`id` ASC LIMIT 1[0m
  [1m[36mRakeLoad Load (2.0ms)[0m  [1m[34mSELECT `rake_loads`.* FROM `rake_loads` WHERE (`rake_loads`.`arrival_date` <= '2019-02-27' AND `rake_loads`.`release_date` = '2019-02-27')[0m
  [1m[36mRakeLoad Load (1.9ms)[0m  [1m[34mSELECT `rake_loads`.* FROM `rake_loads` WHERE (`rake_loads`.`arrival_date` <= '2019-02-27' AND `rake_loads`.`release_date` IS NULL)[0m
  [1m[36mRakeLoad Load (3.1ms)[0m  [1m[34mSELECT `rake_loads`.* FROM `rake_loads` WHERE (`rake_loads`.`arrival_date` <= '2019-02-27' AND `rake_loads`.`release_date` = NULL)[0m
  [1m[36mRakeLoad Load (2.7ms)[0m  [1m[34mSELECT `rake_loads`.* FROM `rake_loads` WHERE (`rake_loads`.`arrival_date` IS NULL AND `rake_loads`.`release_date` = '2019-02-27')[0m
  [1m[36mRakeLoad Load (3.4ms)[0m  [1m[34mSELECT `rake_loads`.* FROM `rake_loads` WHERE (`rake_loads`.`arrival_date` IS NULL AND `rake_loads`.`release_date` IS NULL)[0m
  Rendering admin/loading_reports/index.js.erb
  Rendered admin/loading_reports/_division_listing.html.erb (3.6ms)
  Rendered admin/loading_reports/_adi_listing.html.erb (4.0ms)
  Rendered admin/loading_reports/_gimb_listing.html.erb (2.0ms)
  Rendered admin/loading_reports/_summary_listing.html.erb (5.5ms)
  Rendered admin/loading_reports/index.js.erb (22.1ms)
Completed 200 OK in 72ms (Views: 25.0ms | ActiveRecord: 13.4ms)


Started GET "/admin/loading_reports" for 127.0.0.1 at 2019-02-27 11:49:04 +0530
DEPRECATION WARNING: before_filter is deprecated and will be removed in Rails 5.1. Use before_action instead. (called from <class:ApplicationController> at /home/kalp/8mywork/rail_data/app/controllers/application_controller.rb:3)
Processing by Admin::LoadingReportsController#index as HTML
  [1m[36mUser Load (0.3ms)[0m  [1m[34mSELECT  `users`.* FROM `users` WHERE `users`.`id` = 1 ORDER BY `users`.`id` ASC LIMIT 1[0m
  [1m[36mRakeLoad Load (1.9ms)[0m  [1m[34mSELECT `rake_loads`.* FROM `rake_loads` WHERE (`rake_loads`.`arrival_date` <= '2019-02-27' AND `rake_loads`.`release_date` = '2019-02-27')[0m
  [1m[36mRakeLoad Load (1.8ms)[0m  [1m[34mSELECT `rake_loads`.* FROM `rake_loads` WHERE (`rake_loads`.`arrival_date` <= '2019-02-27' AND `rake_loads`.`release_date` IS NULL)[0m
  [1m[36mRakeLoad Load (2.0ms)[0m  [1m[34mSELECT `rake_loads`.* FROM `rake_loads` WHERE (`rake_loads`.`arrival_date` <= '2019-02-27' AND `rake_loads`.`release_date` = NULL)[0m
  [1m[36mRakeLoad Load (2.5ms)[0m  [1m[34mSELECT `rake_loads`.* FROM `rake_loads` WHERE (`rake_loads`.`arrival_date` IS NULL AND `rake_loads`.`release_date` = '2019-02-27')[0m
  [1m[36mRakeLoad Load (3.1ms)[0m  [1m[34mSELECT `rake_loads`.* FROM `rake_loads` WHERE (`rake_loads`.`arrival_date` IS NULL AND `rake_loads`.`release_date` IS NULL)[0m
  Rendering admin/loading_reports/index.html.erb within layouts/admin/application
  Rendered admin/loading_reports/_division_listing.html.erb (0.9ms)
  Rendered admin/loading_reports/_adi_listing.html.erb (0.7ms)
  Rendered admin/loading_reports/_gimb_listing.html.erb (0.7ms)
  Rendered admin/loading_reports/_summary_listing.html.erb (1.2ms)
  Rendered admin/loading_reports/index.html.erb within layouts/admin/application (5.8ms)
  [1m[36mUserRole Load (0.3ms)[0m  [1m[34mSELECT  `user_roles`.* FROM `user_roles` WHERE `user_roles`.`user_id` = 1 LIMIT 1[0m
  Rendered layouts/admin/_temp_admin_header.html.erb (12.3ms)
  Rendered layouts/admin/_admin_header.html.erb (1.3ms)
Completed 200 OK in 221ms (Views: 160.7ms | ActiveRecord: 11.9ms)


Started GET "/admin/loading_reports.js?data=27/02/2019" for 127.0.0.1 at 2019-02-27 11:49:05 +0530
Processing by Admin::LoadingReportsController#index as JS
  Parameters: {"data"=>"27/02/2019"}
  [1m[36mUser Load (0.7ms)[0m  [1m[34mSELECT  `users`.* FROM `users` WHERE `users`.`id` = 1 ORDER BY `users`.`id` ASC LIMIT 1[0m
  [1m[36mRakeLoad Load (2.7ms)[0m  [1m[34mSELECT `rake_loads`.* FROM `rake_loads` WHERE (`rake_loads`.`arrival_date` <= '2019-02-27' AND `rake_loads`.`release_date` = '2019-02-27')[0m
  [1m[36mRakeLoad Load (3.8ms)[0m  [1m[34mSELECT `rake_loads`.* FROM `rake_loads` WHERE (`rake_loads`.`arrival_date` <= '2019-02-27' AND `rake_loads`.`release_date` IS NULL)[0m
  [1m[36mRakeLoad Load (4.1ms)[0m  [1m[34mSELECT `rake_loads`.* FROM `rake_loads` WHERE (`rake_loads`.`arrival_date` <= '2019-02-27' AND `rake_loads`.`release_date` = NULL)[0m
  [1m[36mRakeLoad Load (3.1ms)[0m  [1m[34mSELECT `rake_loads`.* FROM `rake_loads` WHERE (`rake_loads`.`arrival_date` IS NULL AND `rake_loads`.`release_date` = '2019-02-27')[0m
  [1m[36mRakeLoad Load (2.5ms)[0m  [1m[34mSELECT `rake_loads`.* FROM `rake_loads` WHERE (`rake_loads`.`arrival_date` IS NULL AND `rake_loads`.`release_date` IS NULL)[0m
  Rendering admin/loading_reports/index.js.erb
  Rendered admin/loading_reports/_division_listing.html.erb (1.0ms)
  Rendered admin/loading_reports/_adi_listing.html.erb (2.3ms)
  Rendered admin/loading_reports/_gimb_listing.html.erb (1.7ms)
  Rendered admin/loading_reports/_summary_listing.html.erb (3.5ms)
  Rendered admin/loading_reports/index.js.erb (13.9ms)
Completed 200 OK in 42ms (Views: 17.0ms | ActiveRecord: 16.9ms)


