current directory: /home/kalp/8mywork/rail_data/.bundle/ruby/2.6.0/gems/unf_ext-0.0.7.6/ext/unf_ext
/usr/share/rvm/rubies/ruby-2.6.0/bin/ruby -I /usr/share/rvm/rubies/ruby-2.6.0/lib/ruby/2.6.0 -r ./siteconf20190820-16729-hbxtpr.rb extconf.rb
checking for -lstdc++... yes
creating Makefile

current directory: /home/kalp/8mywork/rail_data/.bundle/ruby/2.6.0/gems/unf_ext-0.0.7.6/ext/unf_ext
make "DESTDIR=" clean

current directory: /home/kalp/8mywork/rail_data/.bundle/ruby/2.6.0/gems/unf_ext-0.0.7.6/ext/unf_ext
make "DESTDIR="
compiling unf.cc
cc1plus: warning: command line option ‘-Wdeclaration-after-statement’ is valid for C/ObjC but not for C++
cc1plus: warning: command line option ‘-Wimplicit-function-declaration’ is valid for C/ObjC but not for C++
cc1plus: warning: command line option ‘-Wimplicit-int’ is valid for C/ObjC but not for C++
cc1plus: warning: unrecognized command line option ‘-Wno-self-assign’
cc1plus: warning: unrecognized command line option ‘-Wno-parentheses-equality’
cc1plus: warning: unrecognized command line option ‘-Wno-constant-logical-operand’
cc1plus: warning: unrecognized command line option ‘-Wno-cast-function-type’
linking shared-object unf_ext.so

current directory: /home/kalp/8mywork/rail_data/.bundle/ruby/2.6.0/gems/unf_ext-0.0.7.6/ext/unf_ext
make "DESTDIR=" install
/usr/bin/install -c -m 0755 unf_ext.so ./.gem.20190820-16729-1emomc7
